<?xml version="1.0" encoding="UTF-8"?>
<testsuites>
  <testsuite id="0" name="C:\Users\Diego\play\categories.test.js" errors="0" package="C:\Users\Diego\play\categories.test.js" hostname="localhost" tests="3" failures="0" time="11.495" timestamp="2020-08-24T05:55:20">
    <properties>
    </properties>
    <testcase classname="Top Level Categories - Check Titles" name="Top Level Categories - Check Titles" time="0">
    </testcase>
    <testcase classname="Second Level Categories - Check Titles" name="Second Level Categories - Check Titles" time="0">
    </testcase>
    <testcase classname="Third Level Categories - Check Titles" name="Third Level Categories - Check Titles" time="0">
    </testcase>
    <system-out/>
    <system-err/>
  </testsuite>
</testsuites>